<?xml version="1.0" encoding="utf-8"?>
<shfbBuild product="Sandcastle Help File Builder and Tools" version="2016.9.17.0" projectFile="L:\work\KSP\KSPDev\Sources\Utils\KSPDev_Utils.shfbproj" started="4/29/2017 2:05:17 AM">
<buildStep step="Initializing">
Finding tools...
The Sandcastle tools are located in &#39;L:\Program Files (x86)\EWSoftware\Sandcastle Help File Builder\&#39;
Locating components in the following folder(s):
    L:\work\KSP\KSPDev\Sources\Utils
    C:\ProgramData\EWSoftware\Sandcastle Help File Builder\Components and Plug-Ins\
    L:\Program Files (x86)\EWSoftware\Sandcastle Help File Builder\
Using framework reflection data for &#39;.NET Framework 3.5&#39; located in &#39;L:\Program Files (x86)\EWSoftware\Sandcastle Help File Builder\Data\.NETFramework&#39;
Using presentation style &#39;VS2013&#39; located in &#39;L:\Program Files (x86)\EWSoftware\Sandcastle Help File Builder\PresentationStyles\VS2013&#39;
Loading and initializing plug-ins...
Lightweight Website Style Version 2016.9.17.0
Copyright &#169; 2006-2016, Eric Woodruff, All Rights Reserved
Portions Copyright &#169; 2014, Sam Harwell, All Rights Reserved
-------------------------------
Clearing any prior web/markdown output...
</buildStep>
<buildStep step="ValidatingDocumentationSources">
Validating and copying documentation source information
Source: L:\work\KSP\KSPDev\Sources\Utils\KSPDev_Utils.csproj
    Found project &#39;L:\work\KSP\KSPDev\Sources\Utils\KSPDev_Utils.csproj&#39;

Parsing project files
    Found assembly &#39;L:\work\KSP\KSPDev\Sources\Utils\bin\Release\KSPDev_Utils.0.22.1.dll&#39;

References to include (excluding framework assemblies):
    Assembly-CSharp
    Assembly-CSharp-firstpass
    KSPAssets
    Mono.Cecil
    Mono.Security
    TDx.TDxInput
    TrackIRUnity
    UnityEngine
    UnityEngine.UI

Copying XML comments files
    L:\work\KSP\KSPDev\Sources\Utils\bin\Release\KSPDev_Utils.xml -&gt; L:\work\KSP\KSPDev\docs\Utils\Working\KSPDev_Utils.xml
</buildStep>
<buildStep step="GenerateSharedContent">
Generating shared content files (en-US, English (United States))...
<plugIn name="Lightweight Website Style" behavior="After" priority="1000">
</plugIn>    Last step completed in 00:00:00.0085
</buildStep>
<buildStep step="GenerateApiFilter">
Generating API filter for MRefBuilder...
    Last step completed in 00:00:00.0030
</buildStep>
<buildStep step="GenerateReflectionInfo">
Generating reflection information...
[C:\Windows\Microsoft.NET\Framework64\v4.0.30319\MSBuild.exe - GenerateRefInfo.proj]
Build started 4/29/2017 2:05:18 AM.
Project &quot;L:\work\KSP\KSPDev\docs\Utils\Working\GenerateRefInfo.proj&quot; on node 1 (default targets).
Project file contains ToolsVersion=&quot;12.0&quot;. This toolset may be unknown or missing, in which case you may be able to resolve this by installing the appropriate version of MSBuild, or the build may have been forced to a particular ToolsVersion for policy reasons. Treating the project as if it had ToolsVersion=&quot;4.0&quot;. For more information, please see http://go.microsoft.com/fwlink/?LinkId=291333.
PrepareForBuild:
  Creating directory &quot;obj\Debug\&quot;.
GenerateRefInfo:
  MRefBuilder (v2016.9.17.0)
  Copyright c 2006-2016, Microsoft Corporation, All Rights Reserved.
  Portions Copyright c 2006-2016, Eric Woodruff, All Rights Reserved.
  Found a current program database (PDB) file for &#39;L:\work\KSP\KSPDev\Sources\Utils\bin\Release\KSPDev_Utils.0.22.1.dll&#39;.
  Loaded 1 assemblies for reflection and 10 dependency assemblies.
  Source code location not found for KSPDev.ConfigUtils.StdPersistentGroups
  Source code location not found for KSPDev.InputUtils.KeyModifiers
  Source code location not found for KSPDev.ModelUtils.KspLayerMask
  Wrote information on 10 namespaces, 54 types, and 236 members
  Copying file from &quot;reflection.org&quot; to &quot;reflection.all&quot;.
  XslTransform (v2016.9.17.0)
  Copyright c 2006-2016, Microsoft Corporation, All Rights Reserved.
  Portions Copyright c 2006-2016, Eric Woodruff, All Rights Reserved.
  Applying XSL transformation &#39;L:\Program Files (x86)\EWSoftware\Sandcastle Help File Builder\ProductionTransforms\MergeDuplicates.xsl&#39;.
Done Building Project &quot;L:\work\KSP\KSPDev\docs\Utils\Working\GenerateRefInfo.proj&quot; (default targets).

Build succeeded.

Time Elapsed 00:00:00.84
    Last step completed in 00:00:01.0974
</buildStep>
<buildStep step="TransformReflectionInfo">
Transforming reflection output...
[C:\Windows\Microsoft.NET\Framework64\v4.0.30319\MSBuild.exe - TransformManifest.proj]
Build started 4/29/2017 2:05:19 AM.
Project &quot;L:\work\KSP\KSPDev\docs\Utils\Working\TransformManifest.proj&quot; on node 1 (default targets).
Project file contains ToolsVersion=&quot;12.0&quot;. This toolset may be unknown or missing, in which case you may be able to resolve this by installing the appropriate version of MSBuild, or the build may have been forced to a particular ToolsVersion for policy reasons. Treating the project as if it had ToolsVersion=&quot;4.0&quot;. For more information, please see http://go.microsoft.com/fwlink/?LinkId=291333.
TransformManifest:
  XslTransform (v2016.9.17.0)
  Copyright c 2006-2016, Microsoft Corporation, All Rights Reserved.
  Portions Copyright c 2006-2016, Eric Woodruff, All Rights Reserved.
  Applying XSL transformation &#39;L:\Program Files (x86)\EWSoftware\Sandcastle Help File Builder\\ProductionTransforms\ApplyVSDocModel.xsl&#39;.
  Copying file from &quot;reflection.xml&quot; to &quot;reflection.nofilenames&quot;.
  XslTransform (v2016.9.17.0)
  Copyright c 2006-2016, Microsoft Corporation, All Rights Reserved.
  Portions Copyright c 2006-2016, Eric Woodruff, All Rights Reserved.
  Applying XSL transformation &#39;L:\Program Files (x86)\EWSoftware\Sandcastle Help File Builder\ProductionTransforms\AddFilenames.xsl&#39;.
    Unique name M_KSPDev_ConfigUtils_ConfigAccessor_AddNodeByPath_1 generated for M:KSPDev.ConfigUtils.ConfigAccessor.AddNodeByPath(ConfigNode,System.String[],ConfigNode)
    Unique name M_KSPDev_ConfigUtils_ConfigAccessor_AddValueByPath_1 generated for M:KSPDev.ConfigUtils.ConfigAccessor.AddValueByPath(ConfigNode,System.String[],System.String)
    Unique name M_KSPDev_ConfigUtils_ConfigAccessor_GetNodeByPath_1 generated for M:KSPDev.ConfigUtils.ConfigAccessor.GetNodeByPath(ConfigNode,System.String[],System.Boolean)
    Unique name M_KSPDev_ConfigUtils_ConfigAccessor_GetNodesByPath_1 generated for M:KSPDev.ConfigUtils.ConfigAccessor.GetNodesByPath(ConfigNode,System.String[])
    Unique name M_KSPDev_ConfigUtils_ConfigAccessor_GetValueByPath_1 generated for M:KSPDev.ConfigUtils.ConfigAccessor.GetValueByPath(ConfigNode,System.String[])
    Unique name M_KSPDev_ConfigUtils_ConfigAccessor_GetValueByPath__1_1 generated for M:KSPDev.ConfigUtils.ConfigAccessor.GetValueByPath``1(ConfigNode,System.String[],``0@,KSPDev.ConfigUtils.AbstractOrdinaryValueTypeProto)
    Unique name M_KSPDev_ConfigUtils_ConfigAccessor_GetValuesByPath_1 generated for M:KSPDev.ConfigUtils.ConfigAccessor.GetValuesByPath(ConfigNode,System.String[])
    Unique name M_KSPDev_ConfigUtils_ConfigAccessor_SetNodeByPath_1 generated for M:KSPDev.ConfigUtils.ConfigAccessor.SetNodeByPath(ConfigNode,System.String[],ConfigNode)
    Unique name M_KSPDev_ConfigUtils_ConfigAccessor_SetValueByPath_1 generated for M:KSPDev.ConfigUtils.ConfigAccessor.SetValueByPath(ConfigNode,System.String[],System.String)
    Unique name M_KSPDev_ConfigUtils_ConfigAccessor_SetValueByPath__1_1 generated for M:KSPDev.ConfigUtils.ConfigAccessor.SetValueByPath``1(ConfigNode,System.String[],``0,KSPDev.ConfigUtils.AbstractOrdinaryValueTypeProto)
    Unique name M_KSPDev_GUIUtils_Formatter_SpecialValue_1 generated for M:KSPDev.GUIUtils.Formatter.SpecialValue(System.Single,System.String,System.Single,System.String)
    Unique name M_KSPDev_GUIUtils_Message_op_Implicit_1 generated for M:KSPDev.GUIUtils.Message.op_Implicit(System.String)~KSPDev.GUIUtils.Message
    Unique name M_KSPDev_GUIUtils_ScreenMessaging_ShowScreenMessage_1 generated for M:KSPDev.GUIUtils.ScreenMessaging.ShowScreenMessage(ScreenMessageStyle,System.Single,UnityEngine.Color,System.String,System.Object[])
    Unique name M_KSPDev_InputUtils_KeyboardInputSwitch__ctor_1 generated for M:KSPDev.InputUtils.KeyboardInputSwitch.#ctor(UnityEngine.KeyCode)
    Unique name M_KSPDev_LogUtils_DbgFormatter_TranformPath_1 generated for M:KSPDev.LogUtils.DbgFormatter.TranformPath(UnityEngine.Transform,UnityEngine.Transform)
    Unique name M_KSPDev_ModelUtils_Colliders_SetCollisionIgnores_1 generated for M:KSPDev.ModelUtils.Colliders.SetCollisionIgnores(UnityEngine.Transform,UnityEngine.Transform,System.Boolean)
    Unique name M_KSPDev_ModelUtils_Hierarchy_FindTransformByPath_1 generated for M:KSPDev.ModelUtils.Hierarchy.FindTransformByPath(UnityEngine.Transform,System.String[])
    Unique name M_KSPDev_Types_PosAndRot__ctor_1 generated for M:KSPDev.Types.PosAndRot.#ctor(KSPDev.Types.PosAndRot)
    Unique name M_KSPDev_Types_PosAndRot__ctor_2 generated for M:KSPDev.Types.PosAndRot.#ctor(UnityEngine.Vector3,UnityEngine.Vector3)
  XslTransform (v2016.9.17.0)
  Copyright c 2006-2016, Microsoft Corporation, All Rights Reserved.
  Portions Copyright c 2006-2016, Eric Woodruff, All Rights Reserved.
  Applying XSL transformation &#39;L:\Program Files (x86)\EWSoftware\Sandcastle Help File Builder\ProductionTransforms\ReflectionToManifest.xsl&#39;.
Done Building Project &quot;L:\work\KSP\KSPDev\docs\Utils\Working\TransformManifest.proj&quot; (default targets).

Build succeeded.

Time Elapsed 00:00:00.50
    Last step completed in 00:00:00.6628
</buildStep>
<buildStep step="GenerateNamespaceSummaries">
Generating namespace summary information...
    Last step completed in 00:00:00.0100
</buildStep>
<buildStep step="GenerateInheritedDocumentation">
Generating inherited documentation...
[C:\Windows\Microsoft.NET\Framework64\v4.0.30319\MSBuild.exe - GenerateInheritedDocs.proj]
Project file contains ToolsVersion=&quot;12.0&quot;. This toolset may be unknown or missing, in which case you may be able to resolve this by installing the appropriate version of MSBuild, or the build may have been forced to a particular ToolsVersion for policy reasons. Treating the project as if it had ToolsVersion=&quot;4.0&quot;. For more information, please see http://go.microsoft.com/fwlink/?LinkId=291333.
Sandcastle Help File Builder and Tools, version 2016.9.17.0
Copyright c 2006-2016, Eric Woodruff, All Rights Reserved
E-Mail: Eric@EWoodruff.us

Reflection information will be retrieved from &#39;reflection.xml&#39;
Inherited documentation will be written to &#39;_InheritedDocs_.xml&#39;
Indexing L:\work\KSP\KSPDev\docs\Utils\Working\KSPDev_Utils.xml
Indexed 324 members in 1 file(s).  1 file(s) to scan for &lt;inheritdoc /&gt; tags.
Merging inherited documentation...


Documentation merged successfully
    Last step completed in 00:00:00.4607
</buildStep>
<buildStep step="CopyAdditionalContent">
Copying additional content files...
No additional content to copy
    Last step completed in 00:00:00.0020
</buildStep>
<buildStep step="MergeTablesOfContents">
Merging conceptual and additional tables of contents...
    Last step completed in 00:00:00.0000
</buildStep>
<buildStep step="GenerateIntermediateTableOfContents">
Generating intermediate table of contents file...
[C:\Windows\Microsoft.NET\Framework64\v4.0.30319\MSBuild.exe - GenerateIntermediateTOC.proj]
Build started 4/29/2017 2:05:20 AM.
Project &quot;L:\work\KSP\KSPDev\docs\Utils\Working\GenerateIntermediateTOC.proj&quot; on node 1 (default targets).
Project file contains ToolsVersion=&quot;12.0&quot;. This toolset may be unknown or missing, in which case you may be able to resolve this by installing the appropriate version of MSBuild, or the build may have been forced to a particular ToolsVersion for policy reasons. Treating the project as if it had ToolsVersion=&quot;4.0&quot;. For more information, please see http://go.microsoft.com/fwlink/?LinkId=291333.
GenerateIntermediateTOC:
  XslTransform (v2016.9.17.0)
  Copyright c 2006-2016, Microsoft Corporation, All Rights Reserved.
  Portions Copyright c 2006-2016, Eric Woodruff, All Rights Reserved.
  Applying XSL transformation &#39;L:\Program Files (x86)\EWSoftware\Sandcastle Help File Builder\\ProductionTransforms\CreateVSToc.xsl&#39;.
Done Building Project &quot;L:\work\KSP\KSPDev\docs\Utils\Working\GenerateIntermediateTOC.proj&quot; (default targets).

Build succeeded.

Time Elapsed 00:00:00.31
Generating conceptual content intermediate TOC file...
    Last step completed in 00:00:00.4823
</buildStep>
<buildStep step="CreateBuildAssemblerConfigs">
Creating Sandcastle configuration files...
    sandcastle.config
    Last step completed in 00:00:00.0436
</buildStep>
<buildStep step="MergeCustomConfigs">
Merging custom build component configurations
L:\work\KSP\KSPDev\docs\Utils\Working\sandcastle.config
  Updating reference topic configurations.
    Replacing default configuration for &#39;Code Block Component&#39; with the custom configuration
  No conceptual content.  Removing conceptual content components.
    Last step completed in 00:00:00.0065
</buildStep>
<buildStep step="BuildTopics">
Building help topics...
[C:\Windows\Microsoft.NET\Framework64\v4.0.30319\MSBuild.exe - BuildTopics.proj]
Build started 4/29/2017 2:05:21 AM.
Project &quot;L:\work\KSP\KSPDev\docs\Utils\Working\BuildTopics.proj&quot; on node 1 (default targets).
Project file contains ToolsVersion=&quot;12.0&quot;. This toolset may be unknown or missing, in which case you may be able to resolve this by installing the appropriate version of MSBuild, or the build may have been forced to a particular ToolsVersion for policy reasons. Treating the project as if it had ToolsVersion=&quot;4.0&quot;. For more information, please see http://go.microsoft.com/fwlink/?LinkId=291333.
BuildTopics:
  BuildAssembler (v2016.9.17.0)
  Copyright c 2006-2016, Microsoft Corporation, All Rights Reserved.
  Portions Copyright c 2006-2016, Eric Woodruff, All Rights Reserved.
  Loading configuration...
  Processing topics...
BuildAssembler : warning : ResolveReferenceLinksComponent: [M:KSPDev.ConfigUtils.ConfigAccessor.AddNodeByPath(ConfigNode,System.String,ConfigNode)] Unknown reference link target &#39;T:ConfigNode&#39;. [L:\work\KSP\KSPDev\docs\Utils\Working\BuildTopics.proj]
BuildAssembler : warning : ResolveReferenceLinksComponent: [M:KSPDev.ConfigUtils.ConfigAccessor.AddNodeByPath(ConfigNode,System.String,ConfigNode)] Unknown reference link target &#39;T:ConfigNode&#39;. [L:\work\KSP\KSPDev\docs\Utils\Working\BuildTopics.proj]
BuildAssembler : warning : ResolveReferenceLinksComponent: [M:KSPDev.ConfigUtils.ConfigAccessor.AddNodeByPath(ConfigNode,System.String[],ConfigNode)] Unknown reference link target &#39;T:ConfigNode&#39;. [L:\work\KSP\KSPDev\docs\Utils\Working\BuildTopics.proj]
BuildAssembler : warning : ResolveReferenceLinksComponent: [M:KSPDev.ConfigUtils.ConfigAccessor.AddNodeByPath(ConfigNode,System.String[],ConfigNode)] Unknown reference link target &#39;T:ConfigNode&#39;. [L:\work\KSP\KSPDev\docs\Utils\Working\BuildTopics.proj]
BuildAssembler : warning : ResolveReferenceLinksComponent: [M:KSPDev.ConfigUtils.ConfigAccessor.AddValueByPath(ConfigNode,System.String,System.String)] Unknown reference link target &#39;T:ConfigNode&#39;. [L:\work\KSP\KSPDev\docs\Utils\Working\BuildTopics.proj]
BuildAssembler : warning : ResolveReferenceLinksComponent: [M:KSPDev.ConfigUtils.ConfigAccessor.AddValueByPath(ConfigNode,System.String[],System.String)] Unknown reference link target &#39;T:ConfigNode&#39;. [L:\work\KSP\KSPDev\docs\Utils\Working\BuildTopics.proj]
BuildAssembler : warning : ResolveReferenceLinksComponent: [M:KSPDev.ConfigUtils.ConfigAccessor.GetNodeByPath(ConfigNode,System.String,System.Boolean)] Unknown reference link target &#39;T:ConfigNode&#39;. [L:\work\KSP\KSPDev\docs\Utils\Working\BuildTopics.proj]
BuildAssembler : warning : ResolveReferenceLinksComponent: [M:KSPDev.ConfigUtils.ConfigAccessor.GetNodeByPath(ConfigNode,System.String,System.Boolean)] Unknown reference link target &#39;T:ConfigNode&#39;. [L:\work\KSP\KSPDev\docs\Utils\Working\BuildTopics.proj]
BuildAssembler : warning : ResolveReferenceLinksComponent: [M:KSPDev.ConfigUtils.ConfigAccessor.GetNodeByPath(ConfigNode,System.String[],System.Boolean)] Unknown reference link target &#39;T:ConfigNode&#39;. [L:\work\KSP\KSPDev\docs\Utils\Working\BuildTopics.proj]
BuildAssembler : warning : ResolveReferenceLinksComponent: [M:KSPDev.ConfigUtils.ConfigAccessor.GetNodeByPath(ConfigNode,System.String[],System.Boolean)] Unknown reference link target &#39;T:ConfigNode&#39;. [L:\work\KSP\KSPDev\docs\Utils\Working\BuildTopics.proj]
BuildAssembler : warning : ResolveReferenceLinksComponent: [M:KSPDev.ConfigUtils.ConfigAccessor.GetNodesByPath(ConfigNode,System.String)] Unknown reference link target &#39;T:ConfigNode&#39;. [L:\work\KSP\KSPDev\docs\Utils\Working\BuildTopics.proj]
BuildAssembler : warning : ResolveReferenceLinksComponent: [M:KSPDev.ConfigUtils.ConfigAccessor.GetNodesByPath(ConfigNode,System.String)] Unknown reference link target &#39;T:ConfigNode&#39;. [L:\work\KSP\KSPDev\docs\Utils\Working\BuildTopics.proj]
BuildAssembler : warning : ResolveReferenceLinksComponent: [M:KSPDev.ConfigUtils.ConfigAccessor.GetNodesByPath(ConfigNode,System.String[])] Unknown reference link target &#39;T:ConfigNode&#39;. [L:\work\KSP\KSPDev\docs\Utils\Working\BuildTopics.proj]
BuildAssembler : warning : ResolveReferenceLinksComponent: [M:KSPDev.ConfigUtils.ConfigAccessor.GetNodesByPath(ConfigNode,System.String[])] Unknown reference link target &#39;T:ConfigNode&#39;. [L:\work\KSP\KSPDev\docs\Utils\Working\BuildTopics.proj]
BuildAssembler : warning : ResolveReferenceLinksComponent: [M:KSPDev.ConfigUtils.ConfigAccessor.GetValueByPath(ConfigNode,System.String)] Unknown reference link target &#39;T:ConfigNode&#39;. [L:\work\KSP\KSPDev\docs\Utils\Working\BuildTopics.proj]
BuildAssembler : warning : ResolveReferenceLinksComponent: [M:KSPDev.ConfigUtils.ConfigAccessor.GetValueByPath``1(ConfigNode,System.String,``0@,KSPDev.ConfigUtils.AbstractOrdinaryValueTypeProto)] Unknown reference link target &#39;T:ConfigNode&#39;. [L:\work\KSP\KSPDev\docs\Utils\Working\BuildTopics.proj]
BuildAssembler : warning : ResolveReferenceLinksComponent: [M:KSPDev.ConfigUtils.ConfigAccessor.GetValueByPath(ConfigNode,System.String[])] Unknown reference link target &#39;T:ConfigNode&#39;. [L:\work\KSP\KSPDev\docs\Utils\Working\BuildTopics.proj]
BuildAssembler : warning : ResolveReferenceLinksComponent: [M:KSPDev.ConfigUtils.ConfigAccessor.GetValueByPath``1(ConfigNode,System.String[],``0@,KSPDev.ConfigUtils.AbstractOrdinaryValueTypeProto)] Unknown reference link target &#39;T:ConfigNode&#39;. [L:\work\KSP\KSPDev\docs\Utils\Working\BuildTopics.proj]
BuildAssembler : warning : ResolveReferenceLinksComponent: [M:KSPDev.ConfigUtils.ConfigAccessor.GetValuesByPath(ConfigNode,System.String)] Unknown reference link target &#39;T:ConfigNode&#39;. [L:\work\KSP\KSPDev\docs\Utils\Working\BuildTopics.proj]
BuildAssembler : warning : ResolveReferenceLinksComponent: [M:KSPDev.ConfigUtils.ConfigAccessor.GetValuesByPath(ConfigNode,System.String[])] Unknown reference link target &#39;T:ConfigNode&#39;. [L:\work\KSP\KSPDev\docs\Utils\Working\BuildTopics.proj]
BuildAssembler : warning : ResolveReferenceLinksComponent: [M:KSPDev.ConfigUtils.ConfigAccessor.ReadFieldsFromNode(ConfigNode,System.Type,System.Object,System.String)] Unknown reference link target &#39;T:ConfigNode&#39;. [L:\work\KSP\KSPDev\docs\Utils\Working\BuildTopics.proj]
BuildAssembler : warning : ResolveReferenceLinksComponent: [M:KSPDev.ConfigUtils.ConfigAccessor.SetNodeByPath(ConfigNode,System.String,ConfigNode)] Unknown reference link target &#39;T:ConfigNode&#39;. [L:\work\KSP\KSPDev\docs\Utils\Working\BuildTopics.proj]
BuildAssembler : warning : ResolveReferenceLinksComponent: [M:KSPDev.ConfigUtils.ConfigAccessor.SetNodeByPath(ConfigNode,System.String,ConfigNode)] Unknown reference link target &#39;T:ConfigNode&#39;. [L:\work\KSP\KSPDev\docs\Utils\Working\BuildTopics.proj]
BuildAssembler : warning : ResolveReferenceLinksComponent: [M:KSPDev.ConfigUtils.ConfigAccessor.SetNodeByPath(ConfigNode,System.String[],ConfigNode)] Unknown reference link target &#39;T:ConfigNode&#39;. [L:\work\KSP\KSPDev\docs\Utils\Working\BuildTopics.proj]
BuildAssembler : warning : ResolveReferenceLinksComponent: [M:KSPDev.ConfigUtils.ConfigAccessor.SetNodeByPath(ConfigNode,System.String[],ConfigNode)] Unknown reference link target &#39;T:ConfigNode&#39;. [L:\work\KSP\KSPDev\docs\Utils\Working\BuildTopics.proj]
BuildAssembler : warning : ResolveReferenceLinksComponent: [M:KSPDev.ConfigUtils.ConfigAccessor.SetValueByPath(ConfigNode,System.String,System.String)] Unknown reference link target &#39;T:ConfigNode&#39;. [L:\work\KSP\KSPDev\docs\Utils\Working\BuildTopics.proj]
BuildAssembler : warning : ResolveReferenceLinksComponent: [M:KSPDev.ConfigUtils.ConfigAccessor.SetValueByPath``1(ConfigNode,System.String,``0,KSPDev.ConfigUtils.AbstractOrdinaryValueTypeProto)] Unknown reference link target &#39;T:ConfigNode&#39;. [L:\work\KSP\KSPDev\docs\Utils\Working\BuildTopics.proj]
BuildAssembler : warning : ResolveReferenceLinksComponent: [M:KSPDev.ConfigUtils.ConfigAccessor.SetValueByPath(ConfigNode,System.String[],System.String)] Unknown reference link target &#39;T:ConfigNode&#39;. [L:\work\KSP\KSPDev\docs\Utils\Working\BuildTopics.proj]
BuildAssembler : warning : ResolveReferenceLinksComponent: [M:KSPDev.ConfigUtils.ConfigAccessor.SetValueByPath``1(ConfigNode,System.String[],``0,KSPDev.ConfigUtils.AbstractOrdinaryValueTypeProto)] Unknown reference link target &#39;T:ConfigNode&#39;. [L:\work\KSP\KSPDev\docs\Utils\Working\BuildTopics.proj]
BuildAssembler : warning : ResolveReferenceLinksComponent: [M:KSPDev.ConfigUtils.ConfigAccessor.WriteFieldsIntoNode(ConfigNode,System.Type,System.Object,System.String)] Unknown reference link target &#39;T:ConfigNode&#39;. [L:\work\KSP\KSPDev\docs\Utils\Working\BuildTopics.proj]
BuildAssembler : warning : ResolveReferenceLinksComponent: [M:KSPDev.ConfigUtils.PartConfig.GetModuleConfig(PartModule,ConfigNode)] Unknown reference link target &#39;T:PartModule&#39;. [L:\work\KSP\KSPDev\docs\Utils\Working\BuildTopics.proj]
BuildAssembler : warning : ResolveReferenceLinksComponent: [M:KSPDev.ConfigUtils.PartConfig.GetModuleConfig(PartModule,ConfigNode)] Unknown reference link target &#39;T:ConfigNode&#39;. [L:\work\KSP\KSPDev\docs\Utils\Working\BuildTopics.proj]
BuildAssembler : warning : ResolveReferenceLinksComponent: [M:KSPDev.ConfigUtils.PartConfig.GetModuleConfig(PartModule,ConfigNode)] Unknown reference link target &#39;T:ConfigNode&#39;. [L:\work\KSP\KSPDev\docs\Utils\Working\BuildTopics.proj]
BuildAssembler : warning : ResolveReferenceLinksComponent: [T:KSPDev.ConfigUtils.PersistentFieldAttribute] Unknown reference link target &#39;T:IConfigNode&#39;. [L:\work\KSP\KSPDev\docs\Utils\Working\BuildTopics.proj]
BuildAssembler : warning : ResolveReferenceLinksComponent: [M:KSPDev.GUIUtils.HintOverlay.#ctor(System.Int32,System.Int32,UnityEngine.Color,UnityEngine.Color)] Unknown reference link target &#39;T:UnityEngine.Color&#39;. [L:\work\KSP\KSPDev\docs\Utils\Working\BuildTopics.proj]
BuildAssembler : warning : ResolveReferenceLinksComponent: [M:KSPDev.GUIUtils.HintOverlay.#ctor(System.Int32,System.Int32,UnityEngine.Color,UnityEngine.Color)] Unknown reference link target &#39;T:UnityEngine.Color&#39;. [L:\work\KSP\KSPDev\docs\Utils\Working\BuildTopics.proj]
BuildAssembler : warning : ResolveReferenceLinksComponent: [F:KSPDev.GUIUtils.ScreenMessaging.ErrorColor] Unknown reference link target &#39;T:UnityEngine.Color&#39;. [L:\work\KSP\KSPDev\docs\Utils\Working\BuildTopics.proj]
BuildAssembler : warning : ResolveReferenceLinksComponent: [M:KSPDev.GUIUtils.ScreenMessaging.SetColorToRichText(System.String,UnityEngine.Color)] Unknown reference link target &#39;T:UnityEngine.Color&#39;. [L:\work\KSP\KSPDev\docs\Utils\Working\BuildTopics.proj]
BuildAssembler : warning : ResolveReferenceLinksComponent: [M:KSPDev.GUIUtils.ScreenMessaging.ShowScreenMessage(ScreenMessageStyle,System.Single,System.String,System.Object[])] Unknown reference link target &#39;T:ScreenMessageStyle&#39;. [L:\work\KSP\KSPDev\docs\Utils\Working\BuildTopics.proj]
BuildAssembler : warning : ResolveReferenceLinksComponent: [M:KSPDev.GUIUtils.ScreenMessaging.ShowScreenMessage(ScreenMessageStyle,System.Single,UnityEngine.Color,System.String,System.Object[])] Unknown reference link target &#39;T:ScreenMessageStyle&#39;. [L:\work\KSP\KSPDev\docs\Utils\Working\BuildTopics.proj]
BuildAssembler : warning : ResolveReferenceLinksComponent: [M:KSPDev.GUIUtils.ScreenMessaging.ShowScreenMessage(ScreenMessageStyle,System.Single,UnityEngine.Color,System.String,System.Object[])] Unknown reference link target &#39;T:ScreenMessageStyle&#39;. [L:\work\KSP\KSPDev\docs\Utils\Working\BuildTopics.proj]
BuildAssembler : warning : ResolveReferenceLinksComponent: [M:KSPDev.GUIUtils.ScreenMessaging.ShowScreenMessage(ScreenMessageStyle,System.Single,UnityEngine.Color,System.String,System.Object[])] Unknown reference link target &#39;T:UnityEngine.Color&#39;. [L:\work\KSP\KSPDev\docs\Utils\Working\BuildTopics.proj]
BuildAssembler : warning : ResolveReferenceLinksComponent: [F:KSPDev.GUIUtils.ScreenMessaging.WarningColor] Unknown reference link target &#39;T:UnityEngine.Color&#39;. [L:\work\KSP\KSPDev\docs\Utils\Working\BuildTopics.proj]
BuildAssembler : warning : ResolveReferenceLinksComponent: [T:KSPDev.GUIUtils.UISoundPlayer] Unknown reference link target &#39;T:UnityEngine.Object&#39;. [L:\work\KSP\KSPDev\docs\Utils\Working\BuildTopics.proj]
BuildAssembler : warning : ResolveReferenceLinksComponent: [T:KSPDev.GUIUtils.UISoundPlayer] Unknown reference link target &#39;T:UnityEngine.Component&#39;. [L:\work\KSP\KSPDev\docs\Utils\Working\BuildTopics.proj]
BuildAssembler : warning : ResolveReferenceLinksComponent: [T:KSPDev.GUIUtils.UISoundPlayer] Unknown reference link target &#39;T:UnityEngine.Behaviour&#39;. [L:\work\KSP\KSPDev\docs\Utils\Working\BuildTopics.proj]
BuildAssembler : warning : ResolveReferenceLinksComponent: [T:KSPDev.GUIUtils.UISoundPlayer] Unknown reference link target &#39;T:UnityEngine.MonoBehaviour&#39;. [L:\work\KSP\KSPDev\docs\Utils\Working\BuildTopics.proj]
BuildAssembler : warning : ResolveReferenceLinksComponent: [T:KSPDev.InputUtils.KeyboardInputSwitch] Unknown reference link target &#39;F:UnityEngine.KeyCode.None&#39;. [L:\work\KSP\KSPDev\docs\Utils\Working\BuildTopics.proj]
BuildAssembler : warning : ResolveReferenceLinksComponent: [T:KSPDev.InputUtils.KeyboardInputSwitch] Unknown reference link target &#39;T:KSPField&#39;. [L:\work\KSP\KSPDev\docs\Utils\Working\BuildTopics.proj]
BuildAssembler : warning : ResolveReferenceLinksComponent: [Overload:KSPDev.InputUtils.KeyboardInputSwitch.#ctor] Unknown reference link target &#39;F:UnityEngine.KeyCode.None&#39;. [L:\work\KSP\KSPDev\docs\Utils\Working\BuildTopics.proj]
BuildAssembler : warning : ResolveReferenceLinksComponent: [M:KSPDev.InputUtils.KeyboardInputSwitch.#ctor] Unknown reference link target &#39;F:UnityEngine.KeyCode.None&#39;. [L:\work\KSP\KSPDev\docs\Utils\Working\BuildTopics.proj]
BuildAssembler : warning : ResolveReferenceLinksComponent: [M:KSPDev.InputUtils.KeyboardInputSwitch.#ctor(UnityEngine.KeyCode)] Unknown reference link target &#39;T:UnityEngine.KeyCode&#39;. [L:\work\KSP\KSPDev\docs\Utils\Working\BuildTopics.proj]
BuildAssembler : warning : ResolveReferenceLinksComponent: [M:KSPDev.InputUtils.KeyboardInputSwitch.#ctor(UnityEngine.KeyCode)] Unknown reference link target &#39;F:UnityEngine.KeyCode.None&#39;. [L:\work\KSP\KSPDev\docs\Utils\Working\BuildTopics.proj]
BuildAssembler : warning : ResolveReferenceLinksComponent: [F:KSPDev.InputUtils.KeyboardInputSwitch.ClickDelay] Unknown reference link target &#39;T:KeyBinding&#39;. [L:\work\KSP\KSPDev\docs\Utils\Working\BuildTopics.proj]
BuildAssembler : warning : ResolveReferenceLinksComponent: [F:KSPDev.InputUtils.KeyboardInputSwitch.keyCode] Unknown reference link target &#39;T:UnityEngine.KeyCode&#39;. [L:\work\KSP\KSPDev\docs\Utils\Working\BuildTopics.proj]
BuildAssembler : warning : ResolveReferenceLinksComponent: [M:KSPDev.InputUtils.KeyboardInputSwitch.Load(ConfigNode)] Unknown reference link target &#39;T:ConfigNode&#39;. [L:\work\KSP\KSPDev\docs\Utils\Working\BuildTopics.proj]
BuildAssembler : warning : ResolveReferenceLinksComponent: [E:KSPDev.InputUtils.KeyboardInputSwitch.OnClick] Unknown reference link target &#39;T:Callback&#39;. [L:\work\KSP\KSPDev\docs\Utils\Working\BuildTopics.proj]
BuildAssembler : warning : ResolveReferenceLinksComponent: [E:KSPDev.InputUtils.KeyboardInputSwitch.OnPress] Unknown reference link target &#39;T:Callback&#39;. [L:\work\KSP\KSPDev\docs\Utils\Working\BuildTopics.proj]
BuildAssembler : warning : ResolveReferenceLinksComponent: [E:KSPDev.InputUtils.KeyboardInputSwitch.OnRelease] Unknown reference link target &#39;T:Callback&#39;. [L:\work\KSP\KSPDev\docs\Utils\Working\BuildTopics.proj]
BuildAssembler : warning : ResolveReferenceLinksComponent: [E:KSPDev.InputUtils.KeyboardInputSwitch.OnStateChanged] Unknown reference link target &#39;T:Callback&#39;. [L:\work\KSP\KSPDev\docs\Utils\Working\BuildTopics.proj]
BuildAssembler : warning : ResolveReferenceLinksComponent: [M:KSPDev.InputUtils.KeyboardInputSwitch.Save(ConfigNode)] Unknown reference link target &#39;T:ConfigNode&#39;. [L:\work\KSP\KSPDev\docs\Utils\Working\BuildTopics.proj]
BuildAssembler : warning : ResolveReferenceLinksComponent: [T:KSPDev.KSPInterfaces.IKSPActivateOnDecouple] Unknown reference link target &#39;T:IActivateOnDecouple&#39;. [L:\work\KSP\KSPDev\docs\Utils\Working\BuildTopics.proj]
BuildAssembler : warning : ResolveReferenceLinksComponent: [T:KSPDev.KSPInterfaces.IKSPDevModuleInfo] Unknown reference link target &#39;T:IModuleInfo&#39;. [L:\work\KSP\KSPDev\docs\Utils\Working\BuildTopics.proj]
BuildAssembler : warning : ResolveReferenceLinksComponent: [M:KSPDev.KSPInterfaces.IKSPDevModuleInfo.GetDrawModulePanelCallback] Unknown reference link target &#39;T:Callback`1&#39;. [L:\work\KSP\KSPDev\docs\Utils\Working\BuildTopics.proj]
BuildAssembler : warning : ResolveReferenceLinksComponent: [M:KSPDev.KSPInterfaces.IKSPDevModuleInfo.GetDrawModulePanelCallback] Unknown reference link target &#39;T:UnityEngine.Rect&#39;. [L:\work\KSP\KSPDev\docs\Utils\Working\BuildTopics.proj]
BuildAssembler : warning : ResolveReferenceLinksComponent: [M:KSPDev.KSPInterfaces.IKSPDevModuleInfo.GetInfo] Unknown reference link target &#39;T:PartModule&#39;. [L:\work\KSP\KSPDev\docs\Utils\Working\BuildTopics.proj]
BuildAssembler : warning : ResolveReferenceLinksComponent: [M:KSPDev.KSPInterfaces.IKSPDevModuleInfo.GetInfo] Unknown reference link target &#39;T:IModuleInfo&#39;. [L:\work\KSP\KSPDev\docs\Utils\Working\BuildTopics.proj]
BuildAssembler : warning : ResolveReferenceLinksComponent: [T:KSPDev.KSPInterfaces.IPartModule] Unknown reference link target &#39;T:PartModule&#39;. [L:\work\KSP\KSPDev\docs\Utils\Working\BuildTopics.proj]
BuildAssembler : warning : ResolveReferenceLinksComponent: [T:KSPDev.KSPInterfaces.IPartModule] Unknown reference link target &#39;T:KSPField&#39;. [L:\work\KSP\KSPDev\docs\Utils\Working\BuildTopics.proj]
BuildAssembler : warning : ResolveReferenceLinksComponent: [T:KSPDev.KSPInterfaces.IPartModule] Unknown reference link target &#39;T:KSPField&#39;. [L:\work\KSP\KSPDev\docs\Utils\Working\BuildTopics.proj]
BuildAssembler : warning : ResolveReferenceLinksComponent: [T:KSPDev.KSPInterfaces.IPartModule] Unknown reference link target &#39;T:KSPField&#39;. [L:\work\KSP\KSPDev\docs\Utils\Working\BuildTopics.proj]
BuildAssembler : warning : ResolveReferenceLinksComponent: [M:KSPDev.KSPInterfaces.IPartModule.OnLoad(ConfigNode)] Unknown reference link target &#39;T:ConfigNode&#39;. [L:\work\KSP\KSPDev\docs\Utils\Working\BuildTopics.proj]
BuildAssembler : warning : ResolveReferenceLinksComponent: [M:KSPDev.KSPInterfaces.IPartModule.OnLoad(ConfigNode)] Unknown reference link target &#39;T:KSPField&#39;. [L:\work\KSP\KSPDev\docs\Utils\Working\BuildTopics.proj]
BuildAssembler : warning : ResolveReferenceLinksComponent: [M:KSPDev.KSPInterfaces.IPartModule.OnSave(ConfigNode)] Unknown reference link target &#39;T:ConfigNode&#39;. [L:\work\KSP\KSPDev\docs\Utils\Working\BuildTopics.proj]
BuildAssembler : warning : ResolveReferenceLinksComponent: [M:KSPDev.KSPInterfaces.IPartModule.OnSave(ConfigNode)] Unknown reference link target &#39;T:KSPField&#39;. [L:\work\KSP\KSPDev\docs\Utils\Working\BuildTopics.proj]
BuildAssembler : warning : ResolveReferenceLinksComponent: [M:KSPDev.KSPInterfaces.IPartModule.OnStart(PartModule.StartState)] Unknown reference link target &#39;T:PartModule.StartState&#39;. [L:\work\KSP\KSPDev\docs\Utils\Working\BuildTopics.proj]
BuildAssembler : warning : ResolveReferenceLinksComponent: [M:KSPDev.LogUtils.DbgFormatter.PartId(Part)] Unknown reference link target &#39;T:Part&#39;. [L:\work\KSP\KSPDev\docs\Utils\Working\BuildTopics.proj]
BuildAssembler : warning : ResolveReferenceLinksComponent: [M:KSPDev.LogUtils.DbgFormatter.Quaternion(UnityEngine.Quaternion)] Unknown reference link target &#39;T:UnityEngine.Quaternion&#39;. [L:\work\KSP\KSPDev\docs\Utils\Working\BuildTopics.proj]
BuildAssembler : warning : ResolveReferenceLinksComponent: [M:KSPDev.LogUtils.DbgFormatter.TranformPath(UnityEngine.GameObject,UnityEngine.Transform)] Unknown reference link target &#39;T:UnityEngine.GameObject&#39;. [L:\work\KSP\KSPDev\docs\Utils\Working\BuildTopics.proj]
BuildAssembler : warning : ResolveReferenceLinksComponent: [M:KSPDev.LogUtils.DbgFormatter.TranformPath(UnityEngine.GameObject,UnityEngine.Transform)] Unknown reference link target &#39;T:UnityEngine.Transform&#39;. [L:\work\KSP\KSPDev\docs\Utils\Working\BuildTopics.proj]
BuildAssembler : warning : ResolveReferenceLinksComponent: [M:KSPDev.LogUtils.DbgFormatter.TranformPath(UnityEngine.Transform,UnityEngine.Transform)] Unknown reference link target &#39;T:UnityEngine.Transform&#39;. [L:\work\KSP\KSPDev\docs\Utils\Working\BuildTopics.proj]
BuildAssembler : warning : ResolveReferenceLinksComponent: [M:KSPDev.LogUtils.DbgFormatter.TranformPath(UnityEngine.Transform,UnityEngine.Transform)] Unknown reference link target &#39;T:UnityEngine.Transform&#39;. [L:\work\KSP\KSPDev\docs\Utils\Working\BuildTopics.proj]
BuildAssembler : warning : ResolveReferenceLinksComponent: [M:KSPDev.LogUtils.DbgFormatter.Vector(UnityEngine.Vector3)] Unknown reference link target &#39;T:UnityEngine.Vector3&#39;. [L:\work\KSP\KSPDev\docs\Utils\Working\BuildTopics.proj]
BuildAssembler : warning : ResolveReferenceLinksComponent: [M:KSPDev.ModelUtils.AlignTransforms.SnapAlign(UnityEngine.Transform,UnityEngine.Transform,UnityEngine.Transform)] Unknown reference link target &#39;T:UnityEngine.Transform&#39;. [L:\work\KSP\KSPDev\docs\Utils\Working\BuildTopics.proj]
BuildAssembler : warning : ResolveReferenceLinksComponent: [M:KSPDev.ModelUtils.AlignTransforms.SnapAlign(UnityEngine.Transform,UnityEngine.Transform,UnityEngine.Transform)] Unknown reference link target &#39;T:UnityEngine.Transform&#39;. [L:\work\KSP\KSPDev\docs\Utils\Working\BuildTopics.proj]
BuildAssembler : warning : ResolveReferenceLinksComponent: [M:KSPDev.ModelUtils.AlignTransforms.SnapAlign(UnityEngine.Transform,UnityEngine.Transform,UnityEngine.Transform)] Unknown reference link target &#39;T:UnityEngine.Transform&#39;. [L:\work\KSP\KSPDev\docs\Utils\Working\BuildTopics.proj]
BuildAssembler : warning : ResolveReferenceLinksComponent: [M:KSPDev.ModelUtils.Colliders.AdjustCollider(UnityEngine.GameObject,UnityEngine.Vector3,KSPDev.ModelUtils.Colliders.PrimitiveCollider,System.Nullable{UnityEngine.PrimitiveType})] Unknown reference link target &#39;T:UnityEngine.GameObject&#39;. [L:\work\KSP\KSPDev\docs\Utils\Working\BuildTopics.proj]
BuildAssembler : warning : ResolveReferenceLinksComponent: [M:KSPDev.ModelUtils.Colliders.AdjustCollider(UnityEngine.GameObject,UnityEngine.Vector3,KSPDev.ModelUtils.Colliders.PrimitiveCollider,System.Nullable{UnityEngine.PrimitiveType})] Unknown reference link target &#39;T:UnityEngine.Vector3&#39;. [L:\work\KSP\KSPDev\docs\Utils\Working\BuildTopics.proj]
BuildAssembler : warning : ResolveReferenceLinksComponent: [M:KSPDev.ModelUtils.Colliders.AdjustCollider(UnityEngine.GameObject,UnityEngine.Vector3,KSPDev.ModelUtils.Colliders.PrimitiveCollider,System.Nullable{UnityEngine.PrimitiveType})] Unknown reference link target &#39;T:UnityEngine.PrimitiveType&#39;. [L:\work\KSP\KSPDev\docs\Utils\Working\BuildTopics.proj]
BuildAssembler : warning : ResolveReferenceLinksComponent: [M:KSPDev.ModelUtils.Colliders.AdjustCollider(UnityEngine.GameObject,UnityEngine.Vector3,KSPDev.ModelUtils.Colliders.PrimitiveCollider,System.Nullable{UnityEngine.PrimitiveType})] Unknown reference link target &#39;F:UnityEngine.PrimitiveType.Cylinder&#39;. [L:\work\KSP\KSPDev\docs\Utils\Working\BuildTopics.proj]
BuildAssembler : warning : ResolveReferenceLinksComponent: [M:KSPDev.ModelUtils.Colliders.AdjustCollider(UnityEngine.GameObject,UnityEngine.Vector3,KSPDev.ModelUtils.Colliders.PrimitiveCollider,System.Nullable{UnityEngine.PrimitiveType})] Unknown reference link target &#39;F:UnityEngine.PrimitiveType.Sphere&#39;. [L:\work\KSP\KSPDev\docs\Utils\Working\BuildTopics.proj]
BuildAssembler : warning : ResolveReferenceLinksComponent: [M:KSPDev.ModelUtils.Colliders.AdjustCollider(UnityEngine.GameObject,UnityEngine.Vector3,KSPDev.ModelUtils.Colliders.PrimitiveCollider,System.Nullable{UnityEngine.PrimitiveType})] Unknown reference link target &#39;F:UnityEngine.PrimitiveType.Cube&#39;. [L:\work\KSP\KSPDev\docs\Utils\Working\BuildTopics.proj]
BuildAssembler : warning : ResolveReferenceLinksComponent: [M:KSPDev.ModelUtils.Colliders.SetCollisionIgnores(Part,Part,System.Boolean)] Unknown reference link target &#39;T:Part&#39;. [L:\work\KSP\KSPDev\docs\Utils\Working\BuildTopics.proj]
BuildAssembler : warning : ResolveReferenceLinksComponent: [M:KSPDev.ModelUtils.Colliders.SetCollisionIgnores(Part,Part,System.Boolean)] Unknown reference link target &#39;T:Part&#39;. [L:\work\KSP\KSPDev\docs\Utils\Working\BuildTopics.proj]
BuildAssembler : warning : ResolveReferenceLinksComponent: [M:KSPDev.ModelUtils.Colliders.SetCollisionIgnores(UnityEngine.Transform,UnityEngine.Transform,System.Boolean)] Unknown reference link target &#39;T:UnityEngine.Transform&#39;. [L:\work\KSP\KSPDev\docs\Utils\Working\BuildTopics.proj]
BuildAssembler : warning : ResolveReferenceLinksComponent: [M:KSPDev.ModelUtils.Colliders.SetCollisionIgnores(UnityEngine.Transform,UnityEngine.Transform,System.Boolean)] Unknown reference link target &#39;T:UnityEngine.Transform&#39;. [L:\work\KSP\KSPDev\docs\Utils\Working\BuildTopics.proj]
BuildAssembler : warning : ResolveReferenceLinksComponent: [M:KSPDev.ModelUtils.Colliders.SetSimpleCollider(UnityEngine.GameObject,UnityEngine.PrimitiveType,System.Boolean)] Unknown reference link target &#39;T:UnityEngine.GameObject&#39;. [L:\work\KSP\KSPDev\docs\Utils\Working\BuildTopics.proj]
BuildAssembler : warning : ResolveReferenceLinksComponent: [M:KSPDev.ModelUtils.Colliders.SetSimpleCollider(UnityEngine.GameObject,UnityEngine.PrimitiveType,System.Boolean)] Unknown reference link target &#39;T:UnityEngine.PrimitiveType&#39;. [L:\work\KSP\KSPDev\docs\Utils\Working\BuildTopics.proj]
BuildAssembler : warning : ResolveReferenceLinksComponent: [M:KSPDev.ModelUtils.Colliders.SetSimpleCollider(UnityEngine.GameObject,UnityEngine.PrimitiveType,System.Boolean)] Unknown reference link target &#39;F:UnityEngine.PrimitiveType.Cube&#39;. [L:\work\KSP\KSPDev\docs\Utils\Working\BuildTopics.proj]
BuildAssembler : warning : ResolveReferenceLinksComponent: [M:KSPDev.ModelUtils.Colliders.SetSimpleCollider(UnityEngine.GameObject,UnityEngine.PrimitiveType,System.Boolean)] Unknown reference link target &#39;F:UnityEngine.PrimitiveType.Sphere&#39;. [L:\work\KSP\KSPDev\docs\Utils\Working\BuildTopics.proj]
BuildAssembler : warning : ResolveReferenceLinksComponent: [M:KSPDev.ModelUtils.Colliders.SetSimpleCollider(UnityEngine.GameObject,UnityEngine.PrimitiveType,System.Boolean)] Unknown reference link target &#39;F:UnityEngine.PrimitiveType.Cylinder&#39;. [L:\work\KSP\KSPDev\docs\Utils\Working\BuildTopics.proj]
BuildAssembler : warning : ResolveReferenceLinksComponent: [M:KSPDev.ModelUtils.Colliders.SetSimpleCollider(UnityEngine.GameObject,UnityEngine.PrimitiveType,System.Boolean)] Unknown reference link target &#39;F:UnityEngine.PrimitiveType.Capsule&#39;. [L:\work\KSP\KSPDev\docs\Utils\Working\BuildTopics.proj]
BuildAssembler : warning : ResolveReferenceLinksComponent: [M:KSPDev.ModelUtils.Colliders.UpdateColliders(UnityEngine.GameObject,System.Nullable{System.Boolean},System.Nullable{System.Boolean})] Unknown reference link target &#39;T:UnityEngine.GameObject&#39;. [L:\work\KSP\KSPDev\docs\Utils\Working\BuildTopics.proj]
BuildAssembler : warning : ResolveReferenceLinksComponent: [M:KSPDev.ModelUtils.Hierarchy.FindTransformByPath(UnityEngine.Transform,System.String)] Unknown reference link target &#39;T:UnityEngine.Transform&#39;. [L:\work\KSP\KSPDev\docs\Utils\Working\BuildTopics.proj]
BuildAssembler : warning : ResolveReferenceLinksComponent: [M:KSPDev.ModelUtils.Hierarchy.FindTransformByPath(UnityEngine.Transform,System.String)] Unknown reference link target &#39;T:UnityEngine.Transform&#39;. [L:\work\KSP\KSPDev\docs\Utils\Working\BuildTopics.proj]
BuildAssembler : warning : ResolveReferenceLinksComponent: [M:KSPDev.ModelUtils.Hierarchy.FindTransformByPath(UnityEngine.Transform,System.String[])] Unknown reference link target &#39;T:UnityEngine.Transform&#39;. [L:\work\KSP\KSPDev\docs\Utils\Working\BuildTopics.proj]
BuildAssembler : warning : ResolveReferenceLinksComponent: [M:KSPDev.ModelUtils.Hierarchy.FindTransformByPath(UnityEngine.Transform,System.String[])] Unknown reference link target &#39;T:UnityEngine.Transform&#39;. [L:\work\KSP\KSPDev\docs\Utils\Working\BuildTopics.proj]
BuildAssembler : warning : ResolveReferenceLinksComponent: [M:KSPDev.ModelUtils.Hierarchy.FindTransformInChildren(UnityEngine.Transform,System.String)] Unknown reference link target &#39;T:UnityEngine.Transform&#39;. [L:\work\KSP\KSPDev\docs\Utils\Working\BuildTopics.proj]
BuildAssembler : warning : ResolveReferenceLinksComponent: [M:KSPDev.ModelUtils.Hierarchy.FindTransformInChildren(UnityEngine.Transform,System.String)] Unknown reference link target &#39;T:UnityEngine.Transform&#39;. [L:\work\KSP\KSPDev\docs\Utils\Working\BuildTopics.proj]
BuildAssembler : warning : ResolveReferenceLinksComponent: [M:KSPDev.ModelUtils.Hierarchy.GetFullPath(UnityEngine.Transform,UnityEngine.Transform)] Unknown reference link target &#39;T:UnityEngine.Transform&#39;. [L:\work\KSP\KSPDev\docs\Utils\Working\BuildTopics.proj]
BuildAssembler : warning : ResolveReferenceLinksComponent: [M:KSPDev.ModelUtils.Hierarchy.GetFullPath(UnityEngine.Transform,UnityEngine.Transform)] Unknown reference link target &#39;T:UnityEngine.Transform&#39;. [L:\work\KSP\KSPDev\docs\Utils\Working\BuildTopics.proj]
BuildAssembler : warning : ResolveReferenceLinksComponent: [M:KSPDev.ModelUtils.Hierarchy.GetPartModelTransform(Part)] Unknown reference link target &#39;T:Part&#39;. [L:\work\KSP\KSPDev\docs\Utils\Working\BuildTopics.proj]
BuildAssembler : warning : ResolveReferenceLinksComponent: [M:KSPDev.ModelUtils.Hierarchy.GetPartModelTransform(Part)] Unknown reference link target &#39;T:UnityEngine.Transform&#39;. [L:\work\KSP\KSPDev\docs\Utils\Working\BuildTopics.proj]
BuildAssembler : warning : ResolveReferenceLinksComponent: [M:KSPDev.ModelUtils.Hierarchy.ListHirerahcy(UnityEngine.Transform,System.String)] Unknown reference link target &#39;T:UnityEngine.Transform&#39;. [L:\work\KSP\KSPDev\docs\Utils\Working\BuildTopics.proj]
BuildAssembler : warning : ResolveReferenceLinksComponent: [M:KSPDev.ModelUtils.Hierarchy.MoveToParent(UnityEngine.Transform,UnityEngine.Transform,System.Nullable{UnityEngine.Vector3},System.Nullable{UnityEngine.Quaternion},System.Nullable{UnityEngine.Vector3})] Unknown reference link target &#39;T:UnityEngine.Transform&#39;. [L:\work\KSP\KSPDev\docs\Utils\Working\BuildTopics.proj]
BuildAssembler : warning : ResolveReferenceLinksComponent: [M:KSPDev.ModelUtils.Hierarchy.MoveToParent(UnityEngine.Transform,UnityEngine.Transform,System.Nullable{UnityEngine.Vector3},System.Nullable{UnityEngine.Quaternion},System.Nullable{UnityEngine.Vector3})] Unknown reference link target &#39;T:UnityEngine.Transform&#39;. [L:\work\KSP\KSPDev\docs\Utils\Working\BuildTopics.proj]
BuildAssembler : warning : ResolveReferenceLinksComponent: [M:KSPDev.ModelUtils.Hierarchy.MoveToParent(UnityEngine.Transform,UnityEngine.Transform,System.Nullable{UnityEngine.Vector3},System.Nullable{UnityEngine.Quaternion},System.Nullable{UnityEngine.Vector3})] Unknown reference link target &#39;T:UnityEngine.Vector3&#39;. [L:\work\KSP\KSPDev\docs\Utils\Working\BuildTopics.proj]
BuildAssembler : warning : ResolveReferenceLinksComponent: [M:KSPDev.ModelUtils.Hierarchy.MoveToParent(UnityEngine.Transform,UnityEngine.Transform,System.Nullable{UnityEngine.Vector3},System.Nullable{UnityEngine.Quaternion},System.Nullable{UnityEngine.Vector3})] Unknown reference link target &#39;T:UnityEngine.Quaternion&#39;. [L:\work\KSP\KSPDev\docs\Utils\Working\BuildTopics.proj]
BuildAssembler : warning : ResolveReferenceLinksComponent: [M:KSPDev.ModelUtils.Hierarchy.MoveToParent(UnityEngine.Transform,UnityEngine.Transform,System.Nullable{UnityEngine.Vector3},System.Nullable{UnityEngine.Quaternion},System.Nullable{UnityEngine.Vector3})] Unknown reference link target &#39;T:UnityEngine.Vector3&#39;. [L:\work\KSP\KSPDev\docs\Utils\Working\BuildTopics.proj]
BuildAssembler : warning : ResolveReferenceLinksComponent: [M:KSPDev.ModelUtils.Meshes.CreateBox(System.Single,System.Single,System.Single,UnityEngine.Material,UnityEngine.Transform,KSPDev.ModelUtils.Colliders.PrimitiveCollider)] Unknown reference link target &#39;T:UnityEngine.Material&#39;. [L:\work\KSP\KSPDev\docs\Utils\Working\BuildTopics.proj]
BuildAssembler : warning : ResolveReferenceLinksComponent: [M:KSPDev.ModelUtils.Meshes.CreateBox(System.Single,System.Single,System.Single,UnityEngine.Material,UnityEngine.Transform,KSPDev.ModelUtils.Colliders.PrimitiveCollider)] Unknown reference link target &#39;T:UnityEngine.Transform&#39;. [L:\work\KSP\KSPDev\docs\Utils\Working\BuildTopics.proj]
BuildAssembler : warning : ResolveReferenceLinksComponent: [M:KSPDev.ModelUtils.Meshes.CreateBox(System.Single,System.Single,System.Single,UnityEngine.Material,UnityEngine.Transform,KSPDev.ModelUtils.Colliders.PrimitiveCollider)] Unknown reference link target &#39;T:UnityEngine.GameObject&#39;. [L:\work\KSP\KSPDev\docs\Utils\Working\BuildTopics.proj]
BuildAssembler : warning : ResolveReferenceLinksComponent: [M:KSPDev.ModelUtils.Meshes.CreateCylinder(System.Single,System.Single,UnityEngine.Material,UnityEngine.Transform,KSPDev.ModelUtils.Colliders.PrimitiveCollider)] Unknown reference link target &#39;T:UnityEngine.Material&#39;. [L:\work\KSP\KSPDev\docs\Utils\Working\BuildTopics.proj]
BuildAssembler : warning : ResolveReferenceLinksComponent: [M:KSPDev.ModelUtils.Meshes.CreateCylinder(System.Single,System.Single,UnityEngine.Material,UnityEngine.Transform,KSPDev.ModelUtils.Colliders.PrimitiveCollider)] Unknown reference link target &#39;T:UnityEngine.Transform&#39;. [L:\work\KSP\KSPDev\docs\Utils\Working\BuildTopics.proj]
BuildAssembler : warning : ResolveReferenceLinksComponent: [M:KSPDev.ModelUtils.Meshes.CreateCylinder(System.Single,System.Single,UnityEngine.Material,UnityEngine.Transform,KSPDev.ModelUtils.Colliders.PrimitiveCollider)] Unknown reference link target &#39;T:UnityEngine.GameObject&#39;. [L:\work\KSP\KSPDev\docs\Utils\Working\BuildTopics.proj]
BuildAssembler : warning : ResolveReferenceLinksComponent: [M:KSPDev.ModelUtils.Meshes.CreatePrimitive(UnityEngine.PrimitiveType,UnityEngine.Vector3,UnityEngine.Material,UnityEngine.Transform)] Unknown reference link target &#39;T:UnityEngine.PrimitiveType&#39;. [L:\work\KSP\KSPDev\docs\Utils\Working\BuildTopics.proj]
BuildAssembler : warning : ResolveReferenceLinksComponent: [M:KSPDev.ModelUtils.Meshes.CreatePrimitive(UnityEngine.PrimitiveType,UnityEngine.Vector3,UnityEngine.Material,UnityEngine.Transform)] Unknown reference link target &#39;T:UnityEngine.Vector3&#39;. [L:\work\KSP\KSPDev\docs\Utils\Working\BuildTopics.proj]
BuildAssembler : warning : ResolveReferenceLinksComponent: [M:KSPDev.ModelUtils.Meshes.CreatePrimitive(UnityEngine.PrimitiveType,UnityEngine.Vector3,UnityEngine.Material,UnityEngine.Transform)] Unknown reference link target &#39;T:UnityEngine.Material&#39;. [L:\work\KSP\KSPDev\docs\Utils\Working\BuildTopics.proj]
BuildAssembler : warning : ResolveReferenceLinksComponent: [M:KSPDev.ModelUtils.Meshes.CreatePrimitive(UnityEngine.PrimitiveType,UnityEngine.Vector3,UnityEngine.Material,UnityEngine.Transform)] Unknown reference link target &#39;T:UnityEngine.Transform&#39;. [L:\work\KSP\KSPDev\docs\Utils\Working\BuildTopics.proj]
BuildAssembler : warning : ResolveReferenceLinksComponent: [M:KSPDev.ModelUtils.Meshes.CreatePrimitive(UnityEngine.PrimitiveType,UnityEngine.Vector3,UnityEngine.Material,UnityEngine.Transform)] Unknown reference link target &#39;T:UnityEngine.GameObject&#39;. [L:\work\KSP\KSPDev\docs\Utils\Working\BuildTopics.proj]
BuildAssembler : warning : ResolveReferenceLinksComponent: [M:KSPDev.ModelUtils.Meshes.CreatePrimitive(UnityEngine.PrimitiveType,UnityEngine.Vector3,UnityEngine.Material,UnityEngine.Transform)] Unknown reference link target &#39;F:UnityEngine.PrimitiveType.Cylinder&#39;. [L:\work\KSP\KSPDev\docs\Utils\Working\BuildTopics.proj]
BuildAssembler : warning : ResolveReferenceLinksComponent: [M:KSPDev.ModelUtils.Meshes.CreateSphere(System.Single,UnityEngine.Material,UnityEngine.Transform,KSPDev.ModelUtils.Colliders.PrimitiveCollider)] Unknown reference link target &#39;T:UnityEngine.Material&#39;. [L:\work\KSP\KSPDev\docs\Utils\Working\BuildTopics.proj]
BuildAssembler : warning : ResolveReferenceLinksComponent: [M:KSPDev.ModelUtils.Meshes.CreateSphere(System.Single,UnityEngine.Material,UnityEngine.Transform,KSPDev.ModelUtils.Colliders.PrimitiveCollider)] Unknown reference link target &#39;T:UnityEngine.Transform&#39;. [L:\work\KSP\KSPDev\docs\Utils\Working\BuildTopics.proj]
BuildAssembler : warning : ResolveReferenceLinksComponent: [M:KSPDev.ModelUtils.Meshes.CreateSphere(System.Single,UnityEngine.Material,UnityEngine.Transform,KSPDev.ModelUtils.Colliders.PrimitiveCollider)] Unknown reference link target &#39;T:UnityEngine.GameObject&#39;. [L:\work\KSP\KSPDev\docs\Utils\Working\BuildTopics.proj]
BuildAssembler : warning : ResolveReferenceLinksComponent: [M:KSPDev.ModelUtils.Meshes.RescaleTextureToLength(UnityEngine.GameObject,System.Single,UnityEngine.Renderer)] Unknown reference link target &#39;T:UnityEngine.GameObject&#39;. [L:\work\KSP\KSPDev\docs\Utils\Working\BuildTopics.proj]
BuildAssembler : warning : ResolveReferenceLinksComponent: [M:KSPDev.ModelUtils.Meshes.RescaleTextureToLength(UnityEngine.GameObject,System.Single,UnityEngine.Renderer)] Unknown reference link target &#39;T:UnityEngine.Renderer&#39;. [L:\work\KSP\KSPDev\docs\Utils\Working\BuildTopics.proj]
BuildAssembler : warning : ResolveReferenceLinksComponent: [M:KSPDev.ModelUtils.Meshes.TranslateMesh(UnityEngine.GameObject,System.Nullable{UnityEngine.Vector3},System.Nullable{UnityEngine.Quaternion},System.Nullable{UnityEngine.Vector3})] Unknown reference link target &#39;T:UnityEngine.GameObject&#39;. [L:\work\KSP\KSPDev\docs\Utils\Working\BuildTopics.proj]
BuildAssembler : warning : ResolveReferenceLinksComponent: [M:KSPDev.ModelUtils.Meshes.TranslateMesh(UnityEngine.GameObject,System.Nullable{UnityEngine.Vector3},System.Nullable{UnityEngine.Quaternion},System.Nullable{UnityEngine.Vector3})] Unknown reference link target &#39;T:UnityEngine.Vector3&#39;. [L:\work\KSP\KSPDev\docs\Utils\Working\BuildTopics.proj]
BuildAssembler : warning : ResolveReferenceLinksComponent: [M:KSPDev.ModelUtils.Meshes.TranslateMesh(UnityEngine.GameObject,System.Nullable{UnityEngine.Vector3},System.Nullable{UnityEngine.Quaternion},System.Nullable{UnityEngine.Vector3})] Unknown reference link target &#39;T:UnityEngine.Quaternion&#39;. [L:\work\KSP\KSPDev\docs\Utils\Working\BuildTopics.proj]
BuildAssembler : warning : ResolveReferenceLinksComponent: [M:KSPDev.ModelUtils.Meshes.TranslateMesh(UnityEngine.GameObject,System.Nullable{UnityEngine.Vector3},System.Nullable{UnityEngine.Quaternion},System.Nullable{UnityEngine.Vector3})] Unknown reference link target &#39;T:UnityEngine.Vector3&#39;. [L:\work\KSP\KSPDev\docs\Utils\Working\BuildTopics.proj]
BuildAssembler : warning : ResolveReferenceLinksComponent: [M:KSPDev.ModelUtils.Meshes.UpdateMaterials(UnityEngine.GameObject,System.String,System.Nullable{UnityEngine.Color})] Unknown reference link target &#39;T:UnityEngine.GameObject&#39;. [L:\work\KSP\KSPDev\docs\Utils\Working\BuildTopics.proj]
BuildAssembler : warning : ResolveReferenceLinksComponent: [M:KSPDev.ModelUtils.Meshes.UpdateMaterials(UnityEngine.GameObject,System.String,System.Nullable{UnityEngine.Color})] Unknown reference link target &#39;T:UnityEngine.Color&#39;. [L:\work\KSP\KSPDev\docs\Utils\Working\BuildTopics.proj]
BuildAssembler : warning : ResolveReferenceLinksComponent: [M:KSPDev.ProcessingUtils.AsyncCall.CallOnEndOfFrame(UnityEngine.MonoBehaviour,System.Action)] Unknown reference link target &#39;T:UnityEngine.MonoBehaviour&#39;. [L:\work\KSP\KSPDev\docs\Utils\Working\BuildTopics.proj]
BuildAssembler : warning : ResolveReferenceLinksComponent: [M:KSPDev.ProcessingUtils.AsyncCall.CallOnEndOfFrame(UnityEngine.MonoBehaviour,System.Action)] Unknown reference link target &#39;T:UnityEngine.Coroutine&#39;. [L:\work\KSP\KSPDev\docs\Utils\Working\BuildTopics.proj]
BuildAssembler : warning : ResolveReferenceLinksComponent: [M:KSPDev.ProcessingUtils.AsyncCall.CallOnFixedUpdate(UnityEngine.MonoBehaviour,System.Action)] Unknown reference link target &#39;T:UnityEngine.MonoBehaviour&#39;. [L:\work\KSP\KSPDev\docs\Utils\Working\BuildTopics.proj]
BuildAssembler : warning : ResolveReferenceLinksComponent: [M:KSPDev.ProcessingUtils.AsyncCall.CallOnFixedUpdate(UnityEngine.MonoBehaviour,System.Action)] Unknown reference link target &#39;T:UnityEngine.Coroutine&#39;. [L:\work\KSP\KSPDev\docs\Utils\Working\BuildTopics.proj]
BuildAssembler : warning : ResolveReferenceLinksComponent: [M:KSPDev.ProcessingUtils.AsyncCall.CallOnTimeout(UnityEngine.MonoBehaviour,System.Single,System.Action)] Unknown reference link target &#39;T:UnityEngine.MonoBehaviour&#39;. [L:\work\KSP\KSPDev\docs\Utils\Working\BuildTopics.proj]
BuildAssembler : warning : ResolveReferenceLinksComponent: [M:KSPDev.ProcessingUtils.AsyncCall.CallOnTimeout(UnityEngine.MonoBehaviour,System.Single,System.Action)] Unknown reference link target &#39;T:UnityEngine.Coroutine&#39;. [L:\work\KSP\KSPDev\docs\Utils\Working\BuildTopics.proj]
BuildAssembler : warning : ResolveReferenceLinksComponent: [M:KSPDev.ProcessingUtils.AsyncCall.WaitForPhysics(UnityEngine.MonoBehaviour,System.Int32,System.Func{System.Boolean},System.Action,System.Action,System.Action{System.Int32},System.Boolean)] Unknown reference link target &#39;T:UnityEngine.MonoBehaviour&#39;. [L:\work\KSP\KSPDev\docs\Utils\Working\BuildTopics.proj]
BuildAssembler : warning : ResolveReferenceLinksComponent: [M:KSPDev.ProcessingUtils.AsyncCall.WaitForPhysics(UnityEngine.MonoBehaviour,System.Int32,System.Func{System.Boolean},System.Action,System.Action,System.Action{System.Int32},System.Boolean)] Unknown reference link target &#39;T:UnityEngine.Coroutine&#39;. [L:\work\KSP\KSPDev\docs\Utils\Working\BuildTopics.proj]
BuildAssembler : warning : ResolveReferenceLinksComponent: [M:KSPDev.Types.PosAndRot.#ctor(UnityEngine.Vector3,UnityEngine.Vector3)] Unknown reference link target &#39;T:UnityEngine.Vector3&#39;. [L:\work\KSP\KSPDev\docs\Utils\Working\BuildTopics.proj]
BuildAssembler : warning : ResolveReferenceLinksComponent: [M:KSPDev.Types.PosAndRot.#ctor(UnityEngine.Vector3,UnityEngine.Vector3)] Unknown reference link target &#39;T:UnityEngine.Vector3&#39;. [L:\work\KSP\KSPDev\docs\Utils\Working\BuildTopics.proj]
BuildAssembler : warning : ResolveReferenceLinksComponent: [P:KSPDev.Types.PosAndRot.euler] Unknown reference link target &#39;T:UnityEngine.Vector3&#39;. [L:\work\KSP\KSPDev\docs\Utils\Working\BuildTopics.proj]
BuildAssembler : warning : ResolveReferenceLinksComponent: [F:KSPDev.Types.PosAndRot.pos] Unknown reference link target &#39;T:UnityEngine.Vector3&#39;. [L:\work\KSP\KSPDev\docs\Utils\Working\BuildTopics.proj]
BuildAssembler : warning : ResolveReferenceLinksComponent: [P:KSPDev.Types.PosAndRot.rot] Unknown reference link target &#39;T:UnityEngine.Quaternion&#39;. [L:\work\KSP\KSPDev\docs\Utils\Working\BuildTopics.proj]
  Processed 366 topic(s)
  155 warning(s)
  CopyFromIndexComponent: &quot;reflection&quot; in-memory cache entries used: 4 of 15.
  CopyFromIndexComponent: &quot;comments&quot; in-memory cache entries used: 2 of 30.
Done Building Project &quot;L:\work\KSP\KSPDev\docs\Utils\Working\BuildTopics.proj&quot; (default targets).

Build succeeded.

Time Elapsed 00:00:02.98
    Last step completed in 00:00:03.2000
</buildStep>
<buildStep step="CombiningIntermediateTocFiles">
Combining conceptual and API intermediate TOC files...
    Last step completed in 00:00:00.0020
</buildStep>
<buildStep step="ExtractingHtmlInfo">
Extracting HTML info for HTML Help 1 and/or website...
[C:\Windows\Microsoft.NET\Framework64\v4.0.30319\MSBuild.exe - ExtractHtmlInfo.proj]
Project file contains ToolsVersion=&quot;12.0&quot;. This toolset may be unknown or missing, in which case you may be able to resolve this by installing the appropriate version of MSBuild, or the build may have been forced to a particular ToolsVersion for policy reasons. Treating the project as if it had ToolsVersion=&quot;4.0&quot;. For more information, please see http://go.microsoft.com/fwlink/?LinkId=291333.
Sandcastle Help File Builder and Tools, version 2016.9.17.0
Copyright c 2006-2016, Eric Woodruff, All Rights Reserved
E-Mail: Eric@EWoodruff.us

Using LCID &#39;1033&#39;, code page &#39;65001&#39;, encoding charset &#39;UTF-8&#39;.

Processing website files in L:\work\KSP\KSPDev\docs\Utils\Working\Output\Website
Processed 366 HTML files
Sorting keywords and generating See Also indices
Saving website keyword index to L:\work\KSP\KSPDev\docs\Utils\Working\WebKI.xml
Saving website table of contents to L:\work\KSP\KSPDev\docs\Utils\Working\WebTOC.xml
    Last step completed in 00:00:00.7289
</buildStep>
<buildStep step="CopyStandardHelpContent">
Copying standard help content...
L:\Program Files (x86)\EWSoftware\Sandcastle Help File Builder\PresentationStyles\VS2013\icons\AlertCaution.png -&gt; L:\work\KSP\KSPDev\docs\Utils\Working\Output\Website\icons\AlertCaution.png
L:\Program Files (x86)\EWSoftware\Sandcastle Help File Builder\PresentationStyles\VS2013\icons\AlertNote.png -&gt; L:\work\KSP\KSPDev\docs\Utils\Working\Output\Website\icons\AlertNote.png
L:\Program Files (x86)\EWSoftware\Sandcastle Help File Builder\PresentationStyles\VS2013\icons\AlertSecurity.png -&gt; L:\work\KSP\KSPDev\docs\Utils\Working\Output\Website\icons\AlertSecurity.png
L:\Program Files (x86)\EWSoftware\Sandcastle Help File Builder\PresentationStyles\VS2013\icons\CFW.gif -&gt; L:\work\KSP\KSPDev\docs\Utils\Working\Output\Website\icons\CFW.gif
L:\Program Files (x86)\EWSoftware\Sandcastle Help File Builder\PresentationStyles\VS2013\icons\CodeExample.png -&gt; L:\work\KSP\KSPDev\docs\Utils\Working\Output\Website\icons\CodeExample.png
L:\Program Files (x86)\EWSoftware\Sandcastle Help File Builder\PresentationStyles\VS2013\icons\favicon.ico -&gt; L:\work\KSP\KSPDev\docs\Utils\Working\Output\Website\icons\favicon.ico
L:\Program Files (x86)\EWSoftware\Sandcastle Help File Builder\PresentationStyles\VS2013\icons\privclass.gif -&gt; L:\work\KSP\KSPDev\docs\Utils\Working\Output\Website\icons\privclass.gif
L:\Program Files (x86)\EWSoftware\Sandcastle Help File Builder\PresentationStyles\VS2013\icons\privdelegate.gif -&gt; L:\work\KSP\KSPDev\docs\Utils\Working\Output\Website\icons\privdelegate.gif
L:\Program Files (x86)\EWSoftware\Sandcastle Help File Builder\PresentationStyles\VS2013\icons\privenumeration.gif -&gt; L:\work\KSP\KSPDev\docs\Utils\Working\Output\Website\icons\privenumeration.gif
L:\Program Files (x86)\EWSoftware\Sandcastle Help File Builder\PresentationStyles\VS2013\icons\privevent.gif -&gt; L:\work\KSP\KSPDev\docs\Utils\Working\Output\Website\icons\privevent.gif
L:\Program Files (x86)\EWSoftware\Sandcastle Help File Builder\PresentationStyles\VS2013\icons\privextension.gif -&gt; L:\work\KSP\KSPDev\docs\Utils\Working\Output\Website\icons\privextension.gif
L:\Program Files (x86)\EWSoftware\Sandcastle Help File Builder\PresentationStyles\VS2013\icons\privfield.gif -&gt; L:\work\KSP\KSPDev\docs\Utils\Working\Output\Website\icons\privfield.gif
L:\Program Files (x86)\EWSoftware\Sandcastle Help File Builder\PresentationStyles\VS2013\icons\privinterface.gif -&gt; L:\work\KSP\KSPDev\docs\Utils\Working\Output\Website\icons\privinterface.gif
L:\Program Files (x86)\EWSoftware\Sandcastle Help File Builder\PresentationStyles\VS2013\icons\privmethod.gif -&gt; L:\work\KSP\KSPDev\docs\Utils\Working\Output\Website\icons\privmethod.gif
L:\Program Files (x86)\EWSoftware\Sandcastle Help File Builder\PresentationStyles\VS2013\icons\privproperty.gif -&gt; L:\work\KSP\KSPDev\docs\Utils\Working\Output\Website\icons\privproperty.gif
L:\Program Files (x86)\EWSoftware\Sandcastle Help File Builder\PresentationStyles\VS2013\icons\privstructure.gif -&gt; L:\work\KSP\KSPDev\docs\Utils\Working\Output\Website\icons\privstructure.gif
L:\Program Files (x86)\EWSoftware\Sandcastle Help File Builder\PresentationStyles\VS2013\icons\protclass.gif -&gt; L:\work\KSP\KSPDev\docs\Utils\Working\Output\Website\icons\protclass.gif
L:\Program Files (x86)\EWSoftware\Sandcastle Help File Builder\PresentationStyles\VS2013\icons\protdelegate.gif -&gt; L:\work\KSP\KSPDev\docs\Utils\Working\Output\Website\icons\protdelegate.gif
L:\Program Files (x86)\EWSoftware\Sandcastle Help File Builder\PresentationStyles\VS2013\icons\protenumeration.gif -&gt; L:\work\KSP\KSPDev\docs\Utils\Working\Output\Website\icons\protenumeration.gif
L:\Program Files (x86)\EWSoftware\Sandcastle Help File Builder\PresentationStyles\VS2013\icons\protevent.gif -&gt; L:\work\KSP\KSPDev\docs\Utils\Working\Output\Website\icons\protevent.gif
L:\Program Files (x86)\EWSoftware\Sandcastle Help File Builder\PresentationStyles\VS2013\icons\protextension.gif -&gt; L:\work\KSP\KSPDev\docs\Utils\Working\Output\Website\icons\protextension.gif
L:\Program Files (x86)\EWSoftware\Sandcastle Help File Builder\PresentationStyles\VS2013\icons\protfield.gif -&gt; L:\work\KSP\KSPDev\docs\Utils\Working\Output\Website\icons\protfield.gif
L:\Program Files (x86)\EWSoftware\Sandcastle Help File Builder\PresentationStyles\VS2013\icons\protinterface.gif -&gt; L:\work\KSP\KSPDev\docs\Utils\Working\Output\Website\icons\protinterface.gif
L:\Program Files (x86)\EWSoftware\Sandcastle Help File Builder\PresentationStyles\VS2013\icons\protmethod.gif -&gt; L:\work\KSP\KSPDev\docs\Utils\Working\Output\Website\icons\protmethod.gif
L:\Program Files (x86)\EWSoftware\Sandcastle Help File Builder\PresentationStyles\VS2013\icons\protoperator.gif -&gt; L:\work\KSP\KSPDev\docs\Utils\Working\Output\Website\icons\protoperator.gif
L:\Program Files (x86)\EWSoftware\Sandcastle Help File Builder\PresentationStyles\VS2013\icons\protproperty.gif -&gt; L:\work\KSP\KSPDev\docs\Utils\Working\Output\Website\icons\protproperty.gif
L:\Program Files (x86)\EWSoftware\Sandcastle Help File Builder\PresentationStyles\VS2013\icons\protstructure.gif -&gt; L:\work\KSP\KSPDev\docs\Utils\Working\Output\Website\icons\protstructure.gif
L:\Program Files (x86)\EWSoftware\Sandcastle Help File Builder\PresentationStyles\VS2013\icons\pubclass.gif -&gt; L:\work\KSP\KSPDev\docs\Utils\Working\Output\Website\icons\pubclass.gif
L:\Program Files (x86)\EWSoftware\Sandcastle Help File Builder\PresentationStyles\VS2013\icons\pubdelegate.gif -&gt; L:\work\KSP\KSPDev\docs\Utils\Working\Output\Website\icons\pubdelegate.gif
L:\Program Files (x86)\EWSoftware\Sandcastle Help File Builder\PresentationStyles\VS2013\icons\pubenumeration.gif -&gt; L:\work\KSP\KSPDev\docs\Utils\Working\Output\Website\icons\pubenumeration.gif
L:\Program Files (x86)\EWSoftware\Sandcastle Help File Builder\PresentationStyles\VS2013\icons\pubevent.gif -&gt; L:\work\KSP\KSPDev\docs\Utils\Working\Output\Website\icons\pubevent.gif
L:\Program Files (x86)\EWSoftware\Sandcastle Help File Builder\PresentationStyles\VS2013\icons\pubextension.gif -&gt; L:\work\KSP\KSPDev\docs\Utils\Working\Output\Website\icons\pubextension.gif
L:\Program Files (x86)\EWSoftware\Sandcastle Help File Builder\PresentationStyles\VS2013\icons\pubfield.gif -&gt; L:\work\KSP\KSPDev\docs\Utils\Working\Output\Website\icons\pubfield.gif
L:\Program Files (x86)\EWSoftware\Sandcastle Help File Builder\PresentationStyles\VS2013\icons\pubinterface.gif -&gt; L:\work\KSP\KSPDev\docs\Utils\Working\Output\Website\icons\pubinterface.gif
L:\Program Files (x86)\EWSoftware\Sandcastle Help File Builder\PresentationStyles\VS2013\icons\pubmethod.gif -&gt; L:\work\KSP\KSPDev\docs\Utils\Working\Output\Website\icons\pubmethod.gif
L:\Program Files (x86)\EWSoftware\Sandcastle Help File Builder\PresentationStyles\VS2013\icons\puboperator.gif -&gt; L:\work\KSP\KSPDev\docs\Utils\Working\Output\Website\icons\puboperator.gif
L:\Program Files (x86)\EWSoftware\Sandcastle Help File Builder\PresentationStyles\VS2013\icons\pubproperty.gif -&gt; L:\work\KSP\KSPDev\docs\Utils\Working\Output\Website\icons\pubproperty.gif
L:\Program Files (x86)\EWSoftware\Sandcastle Help File Builder\PresentationStyles\VS2013\icons\pubstructure.gif -&gt; L:\work\KSP\KSPDev\docs\Utils\Working\Output\Website\icons\pubstructure.gif
L:\Program Files (x86)\EWSoftware\Sandcastle Help File Builder\PresentationStyles\VS2013\icons\SectionCollapsed.png -&gt; L:\work\KSP\KSPDev\docs\Utils\Working\Output\Website\icons\SectionCollapsed.png
L:\Program Files (x86)\EWSoftware\Sandcastle Help File Builder\PresentationStyles\VS2013\icons\SectionExpanded.png -&gt; L:\work\KSP\KSPDev\docs\Utils\Working\Output\Website\icons\SectionExpanded.png
L:\Program Files (x86)\EWSoftware\Sandcastle Help File Builder\PresentationStyles\VS2013\icons\slMobile.gif -&gt; L:\work\KSP\KSPDev\docs\Utils\Working\Output\Website\icons\slMobile.gif
L:\Program Files (x86)\EWSoftware\Sandcastle Help File Builder\PresentationStyles\VS2013\icons\static.gif -&gt; L:\work\KSP\KSPDev\docs\Utils\Working\Output\Website\icons\static.gif
L:\Program Files (x86)\EWSoftware\Sandcastle Help File Builder\PresentationStyles\VS2013\icons\xna.gif -&gt; L:\work\KSP\KSPDev\docs\Utils\Working\Output\Website\icons\xna.gif
L:\Program Files (x86)\EWSoftware\Sandcastle Help File Builder\PresentationStyles\VS2013\scripts\branding.js -&gt; L:\work\KSP\KSPDev\docs\Utils\Working\Output\Website\scripts\branding.js
L:\Program Files (x86)\EWSoftware\Sandcastle Help File Builder\PresentationStyles\VS2013\styles\branding-cs-CZ.css -&gt; L:\work\KSP\KSPDev\docs\Utils\Working\Output\Website\styles\branding-cs-CZ.css
L:\Program Files (x86)\EWSoftware\Sandcastle Help File Builder\PresentationStyles\VS2013\styles\branding-de-DE.css -&gt; L:\work\KSP\KSPDev\docs\Utils\Working\Output\Website\styles\branding-de-DE.css
L:\Program Files (x86)\EWSoftware\Sandcastle Help File Builder\PresentationStyles\VS2013\styles\branding-en-US.css -&gt; L:\work\KSP\KSPDev\docs\Utils\Working\Output\Website\styles\branding-en-US.css
L:\Program Files (x86)\EWSoftware\Sandcastle Help File Builder\PresentationStyles\VS2013\styles\branding-es-ES.css -&gt; L:\work\KSP\KSPDev\docs\Utils\Working\Output\Website\styles\branding-es-ES.css
L:\Program Files (x86)\EWSoftware\Sandcastle Help File Builder\PresentationStyles\VS2013\styles\branding-fr-FR.css -&gt; L:\work\KSP\KSPDev\docs\Utils\Working\Output\Website\styles\branding-fr-FR.css
L:\Program Files (x86)\EWSoftware\Sandcastle Help File Builder\PresentationStyles\VS2013\styles\branding-Help1.css -&gt; L:\work\KSP\KSPDev\docs\Utils\Working\Output\Website\styles\branding-Help1.css
L:\Program Files (x86)\EWSoftware\Sandcastle Help File Builder\PresentationStyles\VS2013\styles\branding-HelpViewer.css -&gt; L:\work\KSP\KSPDev\docs\Utils\Working\Output\Website\styles\branding-HelpViewer.css
L:\Program Files (x86)\EWSoftware\Sandcastle Help File Builder\PresentationStyles\VS2013\styles\branding-it-IT.css -&gt; L:\work\KSP\KSPDev\docs\Utils\Working\Output\Website\styles\branding-it-IT.css
L:\Program Files (x86)\EWSoftware\Sandcastle Help File Builder\PresentationStyles\VS2013\styles\branding-ja-JP.css -&gt; L:\work\KSP\KSPDev\docs\Utils\Working\Output\Website\styles\branding-ja-JP.css
L:\Program Files (x86)\EWSoftware\Sandcastle Help File Builder\PresentationStyles\VS2013\styles\branding-ko-KR.css -&gt; L:\work\KSP\KSPDev\docs\Utils\Working\Output\Website\styles\branding-ko-KR.css
L:\Program Files (x86)\EWSoftware\Sandcastle Help File Builder\PresentationStyles\VS2013\styles\branding-pl-PL.css -&gt; L:\work\KSP\KSPDev\docs\Utils\Working\Output\Website\styles\branding-pl-PL.css
L:\Program Files (x86)\EWSoftware\Sandcastle Help File Builder\PresentationStyles\VS2013\styles\branding-pt-BR.css -&gt; L:\work\KSP\KSPDev\docs\Utils\Working\Output\Website\styles\branding-pt-BR.css
L:\Program Files (x86)\EWSoftware\Sandcastle Help File Builder\PresentationStyles\VS2013\styles\branding-ru-RU.css -&gt; L:\work\KSP\KSPDev\docs\Utils\Working\Output\Website\styles\branding-ru-RU.css
L:\Program Files (x86)\EWSoftware\Sandcastle Help File Builder\PresentationStyles\VS2013\styles\branding-tr-TR.css -&gt; L:\work\KSP\KSPDev\docs\Utils\Working\Output\Website\styles\branding-tr-TR.css
L:\Program Files (x86)\EWSoftware\Sandcastle Help File Builder\PresentationStyles\VS2013\styles\branding-Website.css -&gt; L:\work\KSP\KSPDev\docs\Utils\Working\Output\Website\styles\branding-Website.css
L:\Program Files (x86)\EWSoftware\Sandcastle Help File Builder\PresentationStyles\VS2013\styles\branding-zh-CN.css -&gt; L:\work\KSP\KSPDev\docs\Utils\Working\Output\Website\styles\branding-zh-CN.css
L:\Program Files (x86)\EWSoftware\Sandcastle Help File Builder\PresentationStyles\VS2013\styles\branding-zh-TW.css -&gt; L:\work\KSP\KSPDev\docs\Utils\Working\Output\Website\styles\branding-zh-TW.css
L:\Program Files (x86)\EWSoftware\Sandcastle Help File Builder\PresentationStyles\VS2013\styles\branding.css -&gt; L:\work\KSP\KSPDev\docs\Utils\Working\Output\Website\styles\branding.css
L:\Program Files (x86)\EWSoftware\Sandcastle Help File Builder\PresentationStyles\VS2013\Web\index.html -&gt; L:\work\KSP\KSPDev\docs\Utils\Working\Output\Website\index.html
L:\Program Files (x86)\EWSoftware\Sandcastle Help File Builder\PresentationStyles\VS2013\Web\search.html -&gt; L:\work\KSP\KSPDev\docs\Utils\Working\Output\Website\search.html
L:\Program Files (x86)\EWSoftware\Sandcastle Help File Builder\PresentationStyles\VS2013\Web\SearchHelp.aspx -&gt; L:\work\KSP\KSPDev\docs\Utils\Working\Output\Website\SearchHelp.aspx
L:\Program Files (x86)\EWSoftware\Sandcastle Help File Builder\PresentationStyles\VS2013\Web\SearchHelp.inc.php -&gt; L:\work\KSP\KSPDev\docs\Utils\Working\Output\Website\SearchHelp.inc.php
L:\Program Files (x86)\EWSoftware\Sandcastle Help File Builder\PresentationStyles\VS2013\Web\SearchHelp.php -&gt; L:\work\KSP\KSPDev\docs\Utils\Working\Output\Website\SearchHelp.php
L:\Program Files (x86)\EWSoftware\Sandcastle Help File Builder\PresentationStyles\VS2013\Web\Web.Config -&gt; L:\work\KSP\KSPDev\docs\Utils\Working\Output\Website\Web.Config
L:\Program Files (x86)\EWSoftware\Sandcastle Help File Builder\PresentationStyles\VS2013\Web\icons\Search.png -&gt; L:\work\KSP\KSPDev\docs\Utils\Working\Output\Website\icons\Search.png
L:\Program Files (x86)\EWSoftware\Sandcastle Help File Builder\PresentationStyles\VS2013\Web\icons\TocClose.gif -&gt; L:\work\KSP\KSPDev\docs\Utils\Working\Output\Website\icons\TocClose.gif
L:\Program Files (x86)\EWSoftware\Sandcastle Help File Builder\PresentationStyles\VS2013\Web\icons\TocCollapsed.gif -&gt; L:\work\KSP\KSPDev\docs\Utils\Working\Output\Website\icons\TocCollapsed.gif
L:\Program Files (x86)\EWSoftware\Sandcastle Help File Builder\PresentationStyles\VS2013\Web\icons\TocExpanded.gif -&gt; L:\work\KSP\KSPDev\docs\Utils\Working\Output\Website\icons\TocExpanded.gif
L:\Program Files (x86)\EWSoftware\Sandcastle Help File Builder\PresentationStyles\VS2013\Web\icons\TocOpen.gif -&gt; L:\work\KSP\KSPDev\docs\Utils\Working\Output\Website\icons\TocOpen.gif
L:\Program Files (x86)\EWSoftware\Sandcastle Help File Builder\PresentationStyles\VS2013\Web\scripts\branding-Website.js -&gt; L:\work\KSP\KSPDev\docs\Utils\Working\Output\Website\scripts\branding-Website.js
L:\Program Files (x86)\EWSoftware\Sandcastle Help File Builder\PresentationStyles\VS2013\Web\scripts\clipboard.min.js -&gt; L:\work\KSP\KSPDev\docs\Utils\Working\Output\Website\scripts\clipboard.min.js
L:\Program Files (x86)\EWSoftware\Sandcastle Help File Builder\PresentationStyles\VS2013\Web\scripts\jquery-1.11.0.min.js -&gt; L:\work\KSP\KSPDev\docs\Utils\Working\Output\Website\scripts\jquery-1.11.0.min.js
    Last step completed in 00:00:00.0256
</buildStep>
<buildStep step="GenerateHelpFormatTableOfContents">
Generating website table of contents file...
    Last step completed in 00:00:00.0005
</buildStep>
<buildStep step="GenerateFullTextIndex">
Generating full-text index for the website...

<plugIn name="Lightweight Website Style" behavior="After" priority="1000">
Adding lightweight search and TOC elements to each topic...
</plugIn>    Last step completed in 00:00:00.6402
</buildStep>
<buildStep step="CopyingWebsiteFiles">
Copying website files to output folder...

Copied 500 files
Copied 610 files for the website content
    Last step completed in 00:00:00.2396
</buildStep>
<buildStep step="CleanIntermediates">
Removing intermediate files...
    Last step completed in 00:00:00.4146
</buildStep>
<buildStep step="Completed">

Build completed successfully at 4/29/2017 2:05:26 AM.  Total time: 00:00:09.0496

</buildStep>
</shfbBuild>
